#
# A fatal error has been detected by the Java Runtime Environment:
#
#  Internal Error (classFileParser.cpp:3494), pid=468, tid=7916
#  Error: ShouldNotReachHere()
#
# JRE version: 6.0_43-b01
# Java VM: Java HotSpot(TM) 64-Bit Server VM (20.14-b01 mixed mode windows-amd64 compressed oops)
# If you would like to submit a bug report, please visit:
#   http://java.sun.com/webapps/bugreport/crash.jsp
#

---------------  T H R E A D  ---------------

Current thread (0x000000000038b000):  JavaThread "Unknown thread" [_thread_in_vm, id=7916, stack(0x0000000002740000,0x0000000002840000)]

Stack: [0x0000000002740000,0x0000000002840000]
[error occurred during error reporting (printing stack bounds), id 0xc0000005]


---------------  P R O C E S S  ---------------

Java Threads: ( => current thread )

Other Threads:

=>0x000000000038b000 (exited) JavaThread "Unknown thread" [_thread_in_vm, id=7916, stack(0x0000000002740000,0x0000000002840000)]

VM state:not at safepoint (not fully initialized)

VM Mutex/Monitor currently owned by a thread: None

Dynamic libraries:
0x0000000000400000 - 0x000000000042f000 	D:\software\java\bin\javaw.exe
0x0000000077c00000 - 0x0000000077da9000 	C:\windows\SYSTEM32\ntdll.dll
0x00000000779e0000 - 0x0000000077aff000 	C:\windows\system32\kernel32.dll
0x000007fefdd90000 - 0x000007fefddfb000 	C:\windows\system32\KERNELBASE.dll
0x00000000758a0000 - 0x0000000075927000 	C:\windows\System32\SYSFER.DLL
0x000007fefdf20000 - 0x000007fefdffb000 	C:\windows\system32\ADVAPI32.dll
0x000007fefe430000 - 0x000007fefe4cf000 	C:\windows\system32\msvcrt.dll
0x000007feff360000 - 0x000007feff37f000 	C:\windows\SYSTEM32\sechost.dll
0x000007feff8f0000 - 0x000007feffa1d000 	C:\windows\system32\RPCRT4.dll
0x0000000077b00000 - 0x0000000077bfa000 	C:\windows\system32\USER32.dll
0x000007fefe3b0000 - 0x000007fefe417000 	C:\windows\system32\GDI32.dll
0x000007fefe420000 - 0x000007fefe42e000 	C:\windows\system32\LPK.dll
0x000007feff7f0000 - 0x000007feff8b9000 	C:\windows\system32\USP10.dll
0x000007feff8c0000 - 0x000007feff8ee000 	C:\windows\system32\IMM32.DLL
0x000007fefe240000 - 0x000007fefe349000 	C:\windows\system32\MSCTF.dll
0x000000006d810000 - 0x000000006dfcc000 	D:\software\java\bin\server\jvm.dll
0x000007fefb900000 - 0x000007fefb93b000 	C:\windows\system32\WINMM.dll
0x000000006d780000 - 0x000000006d78e000 	D:\software\java\bin\verify.dll
0x000000006d3b0000 - 0x000000006d3d7000 	D:\software\java\bin\java.dll
0x000000006d7d0000 - 0x000000006d7e2000 	D:\software\java\bin\zip.dll
0x0000000077dd0000 - 0x0000000077dd7000 	C:\windows\system32\PSAPI.DLL

VM Arguments:
jvm_args: -Dfile.encoding=UTF-8 -Xbootclasspath:D:\adt-bundle-windows-x86_64-20140321\sdk\platforms\android-18\android.jar 
java_command: com.myth.shishi.util.PinYinUtil
Launcher Type: SUN_STANDARD

Environment Variables:
PATH=D:\software\arcanist-master\bin;D:\software\php\;C:\windows\system32;C:\windows;C:\windows\System32\Wbem;C:\windows\System32\WindowsPowerShell\v1.0\
USERNAME=andymao
OS=Windows_NT
PROCESSOR_IDENTIFIER=Intel64 Family 6 Model 58 Stepping 9, GenuineIntel



---------------  S Y S T E M  ---------------

OS: Windows 7 , 64 bit Build 7601 Service Pack 1

CPU:total 4 (4 cores per cpu, 1 threads per core) family 6 model 58 stepping 9, cmov, cx8, fxsr, mmx, sse, sse2, sse3, ssse3, sse4.1, sse4.2, popcnt

Memory: 4k page, physical 8342068k(3452264k free), swap 16682292k(11290812k free)

vm_info: Java HotSpot(TM) 64-Bit Server VM (20.14-b01) for windows-amd64 JRE (1.6.0_43-b01), built on Mar  1 2013 01:52:33 by "java_re" with MS VC++ 8.0 (VS2005)

time: Mon May 04 14:21:16 2015
elapsed time: 0 seconds

